<?xml version="1.0" encoding="UTF-8"?>
<!-- Generated by org.testng.reporters.JUnitXMLReporter -->
<testsuite ignored="0" hostname="DESKTOP-7PTRHU1" failures="0" tests="5" name="Default test" time="0.168" errors="0" timestamp="2022-06-14T13:01:53 IST">
  <testcase classname="project_name.tests.ScenarioName" name="testCaseHeading" time="0.012"/>
  <testcase classname="project_name.tests.ScenarioName" name="testCaseHeading1" time="0.003"/>
  <testcase classname="project_name.tests.ScenarioName" name="testCaseHeading2" time="0.003"/>
  <testcase classname="project_name.tests.ScenarioName" name="testCaseHeading3" time="0.003"/>
  <testcase classname="project_name.tests.ScenarioName" name="testCaseHeading4" time="0.003"/>
</testsuite> <!-- Default test -->
